[18-Nov-2025 16:06:36 Europe/Berlin] PHP Warning:  Undefined array key "hideFILTER" in C:\xampp\htdocs\ABCD2\www\htdocs\central\config_opac.php on line 85
[18-Nov-2025 16:06:36 Europe/Berlin] PHP Warning:  include_once(/xampp/htdocs/ABCD2/www/htdocs/opac/opac/functions/restriction_precheck.php): Failed to open stream: No such file or directory in C:\xampp\htdocs\ABCD2\www\htdocs\opac\get_record_details.php on line 25
[18-Nov-2025 16:06:36 Europe/Berlin] PHP Warning:  include_once(): Failed opening '/xampp/htdocs/ABCD2/www/htdocs/opac/opac/functions/restriction_precheck.php' for inclusion (include_path='\xampp\php\PEAR') in C:\xampp\htdocs\ABCD2\www\htdocs\opac\get_record_details.php on line 25
[18-Nov-2025 16:06:36 Europe/Berlin] PHP Warning:  Undefined array key "hideFILTER" in C:\xampp\htdocs\ABCD2\www\htdocs\central\config_opac.php on line 85
[18-Nov-2025 16:06:36 Europe/Berlin] PHP Warning:  include_once(/xampp/htdocs/ABCD2/www/htdocs/opac/opac/functions/restriction_precheck.php): Failed to open stream: No such file or directory in C:\xampp\htdocs\ABCD2\www\htdocs\opac\get_record_details.php on line 25
[18-Nov-2025 16:06:36 Europe/Berlin] PHP Warning:  include_once(): Failed opening '/xampp/htdocs/ABCD2/www/htdocs/opac/opac/functions/restriction_precheck.php' for inclusion (include_path='\xampp\php\PEAR') in C:\xampp\htdocs\ABCD2\www\htdocs\opac\get_record_details.php on line 25
[18-Nov-2025 16:06:43 Europe/Berlin] PHP Warning:  Undefined array key "hideFILTER" in C:\xampp\htdocs\ABCD2\www\htdocs\central\config_opac.php on line 85
[18-Nov-2025 16:06:56 Europe/Berlin] PHP Warning:  Undefined array key "hideFILTER" in C:\xampp\htdocs\ABCD2\www\htdocs\central\config_opac.php on line 85
[18-Nov-2025 16:06:56 Europe/Berlin] PHP Warning:  include_once(/xampp/htdocs/ABCD2/www/htdocs/opac/opac/functions/restriction_precheck.php): Failed to open stream: No such file or directory in C:\xampp\htdocs\ABCD2\www\htdocs\opac\get_record_details.php on line 25
[18-Nov-2025 16:06:56 Europe/Berlin] PHP Warning:  include_once(): Failed opening '/xampp/htdocs/ABCD2/www/htdocs/opac/opac/functions/restriction_precheck.php' for inclusion (include_path='\xampp\php\PEAR') in C:\xampp\htdocs\ABCD2\www\htdocs\opac\get_record_details.php on line 25
[18-Nov-2025 16:06:56 Europe/Berlin] PHP Warning:  Undefined array key "hideFILTER" in C:\xampp\htdocs\ABCD2\www\htdocs\central\config_opac.php on line 85
[18-Nov-2025 16:06:56 Europe/Berlin] PHP Warning:  include_once(/xampp/htdocs/ABCD2/www/htdocs/opac/opac/functions/restriction_precheck.php): Failed to open stream: No such file or directory in C:\xampp\htdocs\ABCD2\www\htdocs\opac\get_record_details.php on line 25
[18-Nov-2025 16:06:56 Europe/Berlin] PHP Warning:  include_once(): Failed opening '/xampp/htdocs/ABCD2/www/htdocs/opac/opac/functions/restriction_precheck.php' for inclusion (include_path='\xampp\php\PEAR') in C:\xampp\htdocs\ABCD2\www\htdocs\opac\get_record_details.php on line 25
[18-Nov-2025 16:06:59 Europe/Berlin] PHP Warning:  Undefined array key "hideFILTER" in C:\xampp\htdocs\ABCD2\www\htdocs\central\config_opac.php on line 85
[18-Nov-2025 16:06:59 Europe/Berlin] PHP Warning:  include_once(/xampp/htdocs/ABCD2/www/htdocs/opac/opac/functions/restriction_precheck.php): Failed to open stream: No such file or directory in C:\xampp\htdocs\ABCD2\www\htdocs\opac\get_record_details.php on line 25
[18-Nov-2025 16:06:59 Europe/Berlin] PHP Warning:  include_once(): Failed opening '/xampp/htdocs/ABCD2/www/htdocs/opac/opac/functions/restriction_precheck.php' for inclusion (include_path='\xampp\php\PEAR') in C:\xampp\htdocs\ABCD2\www\htdocs\opac\get_record_details.php on line 25
[18-Nov-2025 16:07:00 Europe/Berlin] PHP Warning:  Undefined array key "hideFILTER" in C:\xampp\htdocs\ABCD2\www\htdocs\central\config_opac.php on line 85
[18-Nov-2025 16:07:00 Europe/Berlin] PHP Warning:  include_once(/xampp/htdocs/ABCD2/www/htdocs/opac/opac/functions/restriction_precheck.php): Failed to open stream: No such file or directory in C:\xampp\htdocs\ABCD2\www\htdocs\opac\get_record_details.php on line 25
[18-Nov-2025 16:07:00 Europe/Berlin] PHP Warning:  include_once(): Failed opening '/xampp/htdocs/ABCD2/www/htdocs/opac/opac/functions/restriction_precheck.php' for inclusion (include_path='\xampp\php\PEAR') in C:\xampp\htdocs\ABCD2\www\htdocs\opac\get_record_details.php on line 25
[18-Nov-2025 16:09:51 Europe/Berlin] PHP Warning:  include_once(/xampp/htdocs/ABCD2/www/htdocs/opac/opac/functions/restriction_precheck.php): Failed to open stream: No such file or directory in C:\xampp\htdocs\ABCD2\www\htdocs\opac\get_record_details.php on line 25
[18-Nov-2025 16:09:51 Europe/Berlin] PHP Warning:  include_once(): Failed opening '/xampp/htdocs/ABCD2/www/htdocs/opac/opac/functions/restriction_precheck.php' for inclusion (include_path='\xampp\php\PEAR') in C:\xampp\htdocs\ABCD2\www\htdocs\opac\get_record_details.php on line 25
[18-Nov-2025 16:09:52 Europe/Berlin] PHP Warning:  include_once(/xampp/htdocs/ABCD2/www/htdocs/opac/opac/functions/restriction_precheck.php): Failed to open stream: No such file or directory in C:\xampp\htdocs\ABCD2\www\htdocs\opac\get_record_details.php on line 25
[18-Nov-2025 16:09:52 Europe/Berlin] PHP Warning:  include_once(): Failed opening '/xampp/htdocs/ABCD2/www/htdocs/opac/opac/functions/restriction_precheck.php' for inclusion (include_path='\xampp\php\PEAR') in C:\xampp\htdocs\ABCD2\www\htdocs\opac\get_record_details.php on line 25
[18-Nov-2025 23:43:18 Europe/Berlin] PHP Warning:  Undefined array key "fmtconfirmdel" in C:\xampp\htdocs\ABCD2\www\htdocs\central\dbadmin\fmt_adm.php on line 229
[18-Nov-2025 23:50:13 Europe/Berlin] PHP Warning:  Undefined array key "fmtconfirmdel" in C:\xampp\htdocs\ABCD2\www\htdocs\central\dbadmin\fmt_adm.php on line 229
[18-Nov-2025 23:55:53 Europe/Berlin] PHP Warning:  Undefined array key "fmtconfirmdel" in C:\xampp\htdocs\ABCD2\www\htdocs\central\dbadmin\fmt_adm.php on line 222
[19-Nov-2025 00:08:20 Europe/Berlin] PHP Warning:  Undefined array key "fmtconfirmdel" in C:\xampp\htdocs\ABCD2\www\htdocs\central\dbadmin\fmt_adm.php on line 257
[19-Nov-2025 00:10:26 Europe/Berlin] PHP Warning:  Undefined array key "fmtconfirmdel" in C:\xampp\htdocs\ABCD2\www\htdocs\central\dbadmin\fmt_adm.php on line 265
[19-Nov-2025 00:20:05 Europe/Berlin] PHP Warning:  Undefined array key "fmtconfirmdel" in C:\xampp\htdocs\ABCD2\www\htdocs\central\dbadmin\fmt_adm.php on line 301
[19-Nov-2025 02:15:41 Europe/Berlin] PHP Fatal error:  Uncaught Error: Call to undefined function to_utf8_for_json() in C:\xampp\htdocs\ABCD2\www\htdocs\central\dbadmin\fmt_adm.php:138
Stack trace:
#0 {main}
  thrown in C:\xampp\htdocs\ABCD2\www\htdocs\central\dbadmin\fmt_adm.php on line 138
[19-Nov-2025 02:16:03 Europe/Berlin] PHP Fatal error:  Uncaught Error: Call to undefined function to_utf8_for_json() in C:\xampp\htdocs\ABCD2\www\htdocs\central\dbadmin\fmt_adm.php:136
Stack trace:
#0 {main}
  thrown in C:\xampp\htdocs\ABCD2\www\htdocs\central\dbadmin\fmt_adm.php on line 136
[19-Nov-2025 02:16:16 Europe/Berlin] PHP Fatal error:  Uncaught Error: Call to undefined function to_utf8_for_json() in C:\xampp\htdocs\ABCD2\www\htdocs\central\dbadmin\fmt_adm.php:138
Stack trace:
#0 {main}
  thrown in C:\xampp\htdocs\ABCD2\www\htdocs\central\dbadmin\fmt_adm.php on line 138
